[2011-10-18 Tue 09:14:20]INFO    "---------------"
[2011-10-18 Tue 09:14:20]INFO    "newface view"
[2011-10-18 Tue 09:15:11]INFO    "---------------"
[2011-10-18 Tue 09:15:11]INFO    "newface view"
[2011-10-18 Tue 09:15:17]INFO    "newface view"
[2011-10-18 Tue 09:15:17]INFO    "request.Files[file]:"
[2011-10-18 Tue 09:15:17]INFO    "1pwhite.png"
[2011-10-18 Tue 09:16:46]INFO    "---------------"
[2011-10-18 Tue 09:16:46]INFO    "newface view"
[2011-10-18 Tue 09:16:47]INFO    "newface view"
[2011-10-18 Tue 09:16:53]INFO    "newface view"
[2011-10-18 Tue 09:16:53]INFO    "filesss"
[2011-10-18 Tue 09:16:53]INFO    "file"
[2011-10-18 Tue 09:17:09]INFO    "---------------"
[2011-10-18 Tue 09:17:10]INFO    "newface view"
[2011-10-18 Tue 09:17:15]INFO    "newface view"
[2011-10-18 Tue 09:17:15]INFO    "filesss"
[2011-10-18 Tue 09:17:15]INFO    "file"
[2011-10-18 Tue 09:18:20]INFO    "---------------"
[2011-10-18 Tue 09:18:27]INFO    "newface view"
[2011-10-18 Tue 09:18:27]INFO    "filesss"
[2011-10-18 Tue 09:18:27]INFO    "file"
[2011-10-18 Tue 09:19:14]INFO    "---------------"
[2011-10-18 Tue 09:19:19]INFO    "newface view"
[2011-10-18 Tue 09:19:19]INFO    "filesss"
[2011-10-18 Tue 09:19:19]INFO    "1pwhite.png"
[2011-10-18 Tue 10:09:02]INFO    "---------------"
[2011-10-18 Tue 10:09:03]INFO    "newface view"
[2011-10-18 Tue 10:09:07]INFO    "newface view"
[2011-10-18 Tue 10:09:07]INFO    "1pwhite.png"
[2011-10-18 Tue 10:19:07]INFO    "---------------"
[2011-10-18 Tue 10:19:07]INFO    "newface view"
[2011-10-18 Tue 10:19:13]INFO    "newface view"
[2011-10-18 Tue 10:19:13]INFO    "1pwhite.png"
[2011-10-18 Tue 11:24:27]INFO    "---------------"
[2011-10-18 Tue 11:24:28]INFO    "newface view"
[2011-10-18 Tue 11:24:29]INFO    "newface view"
[2011-10-18 Tue 11:24:35]INFO    "newface view"
[2011-10-18 Tue 11:24:35]INFO    "1pwhite.png"
[2011-10-18 Tue 11:24:58]INFO    "---------------"
[2011-10-18 Tue 11:24:58]INFO    "newface view"
[2011-10-18 Tue 11:24:58]INFO    "1pwhite.png"
[2011-10-18 Tue 11:25:00]INFO    "newface view"
[2011-10-18 Tue 11:25:04]INFO    "newface view"
[2011-10-18 Tue 11:25:04]INFO    "1pwhite.png"
[2011-10-18 Tue 11:25:18]INFO    "---------------"
[2011-10-18 Tue 11:25:18]INFO    "newface view"
[2011-10-18 Tue 11:25:21]INFO    "newface view"
[2011-10-18 Tue 11:25:21]INFO    "1pwhite.png"
[2011-10-18 Tue 11:25:29]INFO    "---------------"
[2011-10-18 Tue 11:25:30]INFO    "newface view"
[2011-10-18 Tue 11:25:33]INFO    "newface view"
[2011-10-18 Tue 11:25:33]INFO    "1pwhite.png"
[2011-10-18 Tue 11:25:43]INFO    "---------------"
[2011-10-18 Tue 11:25:43]INFO    "newface view"
[2011-10-18 Tue 11:25:43]INFO    "1pwhite.png"
[2011-10-18 Tue 11:25:53]INFO    "newface view"
[2011-10-18 Tue 11:26:00]INFO    "---------------"
[2011-10-18 Tue 11:26:00]INFO    "newface view"
[2011-10-18 Tue 11:26:00]INFO    "1pwhite.png"
[2011-10-18 Tue 11:28:34]INFO    "---------------"
[2011-10-18 Tue 11:28:34]INFO    "newface view"
[2011-10-18 Tue 11:28:39]INFO    "newface view"
[2011-10-18 Tue 11:28:39]INFO    "1pwhite.png"
[2011-10-18 Tue 11:29:03]INFO    "---------------"
[2011-10-18 Tue 11:29:03]INFO    "newface view"
[2011-10-18 Tue 11:29:06]INFO    "newface view"
[2011-10-18 Tue 11:29:06]INFO    "1pwhite.png"
[2011-10-18 Tue 11:30:43]INFO    "---------------"
[2011-10-18 Tue 11:30:43]INFO    "newface view"
[2011-10-18 Tue 11:30:45]INFO    "newface view"
[2011-10-18 Tue 11:32:04]INFO    "---------------"
[2011-10-18 Tue 11:33:16]INFO    "---------------"
[2011-10-18 Tue 11:33:16]INFO    "newface view"
[2011-10-18 Tue 11:35:09]INFO    "---------------"
[2011-10-18 Tue 11:35:09]INFO    "newface view"
[2011-10-18 Tue 11:35:58]INFO    "---------------"
[2011-10-18 Tue 11:36:47]INFO    "---------------"
[2011-10-18 Tue 11:40:56]INFO    "---------------"
[2011-10-18 Tue 11:40:56]INFO    "newface view"
[2011-10-18 Tue 11:41:32]INFO    "---------------"
[2011-10-18 Tue 11:41:32]INFO    "newface view"
[2011-10-18 Tue 11:41:32]INFO    "1pwhite.png"
[2011-10-18 Tue 11:42:14]INFO    "newface view"
[2011-10-18 Tue 11:42:14]INFO    "face.png"
[2011-10-18 Tue 11:43:15]INFO    "newface view"
[2011-10-18 Tue 11:43:15]INFO    "face.png"
[2011-10-18 Tue 12:00:47]INFO    "---------------"
[2011-10-18 Tue 12:00:48]INFO    "newface view"
[2011-10-18 Tue 12:05:27]INFO    "---------------"
[2011-10-18 Tue 12:08:16]INFO    "---------------"
[2011-10-18 Tue 12:08:56]INFO    "---------------"
[2011-10-18 Tue 12:11:11]INFO    "---------------"
[2011-10-18 Tue 12:12:00]INFO    "---------------"
[2011-10-18 Tue 12:13:12]INFO    "---------------"
[2011-10-18 Tue 12:13:19]INFO    "---------------"
[2011-10-18 Tue 12:14:59]INFO    "---------------"
[2011-10-18 Tue 12:15:36]INFO    "---------------"
[2011-10-18 Tue 12:15:44]INFO    "---------------"
[2011-10-18 Tue 12:16:18]INFO    "---------------"
[2011-10-18 Tue 12:18:08]INFO    "---------------"
[2011-10-18 Tue 12:18:54]INFO    "---------------"
[2011-10-18 Tue 12:19:05]INFO    "---------------"
[2011-10-18 Tue 12:19:17]INFO    "---------------"
[2011-10-18 Tue 12:19:47]INFO    "---------------"
[2011-10-18 Tue 12:19:59]INFO    "---------------"
[2011-10-18 Tue 12:20:12]INFO    "---------------"
[2011-10-18 Tue 12:20:54]INFO    "---------------"
[2011-10-18 Tue 12:21:27]INFO    "---------------"
[2011-10-18 Tue 12:21:40]INFO    "---------------"
[2011-10-18 Tue 12:21:46]INFO    "---------------"
[2011-10-18 Tue 12:23:00]INFO    "---------------"
[2011-10-18 Tue 12:23:44]INFO    "---------------"
[2011-10-18 Tue 12:23:58]INFO    "---------------"
[2011-10-18 Tue 12:25:07]INFO    "---------------"
[2011-10-18 Tue 12:25:15]INFO    "---------------"
[2011-10-18 Tue 12:25:20]INFO    "---------------"
[2011-10-18 Tue 12:25:24]INFO    "---------------"
[2011-10-18 Tue 12:37:22]INFO    "---------------"
[2011-10-18 Tue 12:40:34]INFO    "---------------"
[2011-10-18 Tue 12:43:00]INFO    "---------------"
[2011-10-18 Tue 12:47:35]INFO    "newface view"
[2011-10-18 Tue 12:47:35]INFO    "face.png"
[2011-10-18 Tue 12:55:38]INFO    "newface view"
[2011-10-18 Tue 12:55:38]INFO    "face.png"
[2011-10-18 Tue 12:58:42]INFO    "newface view"
[2011-10-18 Tue 12:58:42]INFO    "face.png"
[2011-10-18 Tue 12:59:15]INFO    "newface view"
[2011-10-18 Tue 12:59:15]INFO    "face.png"
[2011-10-18 Tue 13:00:45]INFO    "newface view"
[2011-10-18 Tue 13:00:45]INFO    "face.png"
[2011-10-18 Tue 13:24:26]INFO    "newface view"
[2011-10-18 Tue 13:24:26]INFO    "face.png"
[2011-10-18 Tue 13:31:55]INFO    "newface view"
[2011-10-18 Tue 13:31:55]INFO    "face.png"
[2011-10-18 Tue 13:37:51]INFO    "newface view"
[2011-10-18 Tue 13:37:51]INFO    "face.png"
[2011-10-18 Tue 20:44:30]INFO    "newface view"
[2011-10-18 Tue 20:44:30]INFO    "face.png"
[2011-10-18 Tue 20:44:38]INFO    "newface view"
[2011-10-18 Tue 20:44:38]INFO    "face.png"
[2011-10-18 Tue 20:45:15]INFO    "---------------"
[2011-10-22 Sat 16:24:48]INFO    "---------------"
[2011-10-22 Sat 16:28:29]INFO    "---------------"
[2011-10-22 Sat 16:29:00]INFO    "---------------"
[2011-10-22 Sat 16:29:36]INFO    "---------------"
[2011-10-22 Sat 16:32:28]INFO    "---------------"
